<?xml version="1.0" encoding="UTF-8"?>
<testng-results ignored="0" total="1" passed="1" failed="0" skipped="0">
  <reporter-output>
  </reporter-output>
  <suite started-at="2024-12-23T20:40:25 EST" name="Suite" finished-at="2024-12-23T20:40:33 EST" duration-ms="7711">
    <groups>
    </groups>
    <test started-at="2024-12-23T20:40:25 EST" name="Test" finished-at="2024-12-23T20:40:33 EST" duration-ms="7711">
      <class name="testCases.TC001_AccountRegistrationTest">
        <test-method is-config="true" signature="setup(java.lang.String,java.lang.String)[pri:0, instance:testCases.TC001_AccountRegistrationTest@db57326]" started-at="2024-12-23T20:40:25 EST" name="setup" finished-at="2024-12-23T20:40:29 EST" duration-ms="3998" status="PASS">
          <params>
            <param index="0">
              <value>
                <![CDATA[linux]]>
              </value>
            </param>
            <param index="1">
              <value>
                <![CDATA[chrome]]>
              </value>
            </param>
          </params>
          <reporter-output>
          </reporter-output>
        </test-method> <!-- setup -->
        <test-method signature="verify_account_registration()[pri:0, instance:testCases.TC001_AccountRegistrationTest@db57326]" started-at="2024-12-23T20:40:29 EST" name="verify_account_registration" finished-at="2024-12-23T20:40:33 EST" duration-ms="3580" status="PASS">
          <reporter-output>
          </reporter-output>
        </test-method> <!-- verify_account_registration -->
        <test-method is-config="true" signature="teatDown()[pri:0, instance:testCases.TC001_AccountRegistrationTest@db57326]" started-at="2024-12-23T20:40:33 EST" name="teatDown" finished-at="2024-12-23T20:40:33 EST" duration-ms="94" status="PASS">
          <reporter-output>
          </reporter-output>
        </test-method> <!-- teatDown -->
      </class> <!-- testCases.TC001_AccountRegistrationTest -->
    </test> <!-- Test -->
  </suite> <!-- Suite -->
</testng-results>
